<?xml version="1.0" encoding="UTF-8"?>
<testsuite xmlns:xsi="http://www.w3.org/2001/XMLSchema-instance" xsi:schemaLocation="https://maven.apache.org/surefire/maven-surefire-plugin/xsd/surefire-test-report.xsd" name="TestSuite" time="66.471" tests="3" errors="0" skipped="0" failures="1">
  <properties>
[...]
</properties>
  <testcase name="feature" classname="TestRunner" time="30.489">
    <failure message="org.openqa.selenium.TimeoutException: Expected condition failed: waiting for presence of element located by: By.xpath: //h2[text()=&apos;Schedule a Demo&apos;] (tried for 3 second(s) with 500 milliseconds interval)" type="cucumber.runtime.CucumberException">cucumber.runtime.CucumberException: org.openqa.selenium.TimeoutException: Expected condition failed: waiting for presence of element located by: By.xpath: //h2[text()='Schedule a Demo'] (tried for 3 second(s) with 500 milliseconds interval)
	at TestRunner.feature(TestRunner.java:29)
Caused by: org.openqa.selenium.TimeoutException: Expected condition failed: waiting for presence of element located by: By.xpath: //h2[text()='Schedule a Demo'] (tried for 3 second(s) with 500 milliseconds interval)
Caused by: org.openqa.selenium.NoSuchElementException: 
no such element: Unable to locate element: {"method":"xpath","selector":"//h2[text()='Schedule a Demo']"}
  (Session info: chrome=89.0.4389.90)
For documentation on this error, please visit: https://www.seleniumhq.org/exceptions/no_such_element.html
Build info: version: '3.141.59', revision: 'e82be7d358', time: '2018-11-14T08:17:03'
System info: host: 'Pramods-MBP.broadband', ip: 'fd52:a81c:df85:1:1d13:cecf:1839:e75a%en0', os.name: 'Mac OS X', os.arch: 'x86_64', os.version: '10.15.4', java.version: '1.8.0_241'
Driver info: org.openqa.selenium.chrome.ChromeDriver
Capabilities {acceptInsecureCerts: false, browserName: chrome, browserVersion: 89.0.4389.90, chrome: {chromedriverVersion: 89.0.4389.23 (61b08ee2c5002..., userDataDir: /var/folders/9s/n5wnzqgj03z...}, goog:chromeOptions: {debuggerAddress: localhost:51453}, javascriptEnabled: true, networkConnectionEnabled: false, pageLoadStrategy: normal, platform: MAC, platformName: MAC, proxy: Proxy(), setWindowRect: true, strictFileInteractability: false, timeouts: {implicit: 0, pageLoad: 300000, script: 30000}, unhandledPromptBehavior: dismiss and notify, webauthn:extension:largeBlob: true, webauthn:virtualAuthenticators: true}
Session ID: 944641a48dff73393c5e1ddd0a35e7f8
*** Element info: {Using=xpath, value=//h2[text()='Schedule a Demo']}
	at TestRunner.feature(TestRunner.java:29)
</failure>
    <system-out><![CDATA[@Sanity @AboutPage
Feature: Verify About page functionality
  As an employee of the company
  I want to login my employee profile using my credentials
  In order to collaborate with my colleagues
From setup ChromeDriver: chrome on MAC (944641a48dff73393c5e1ddd0a35e7f8)

  Background: User navigates to Company home page                                   &amp#27;[90m# verify_AboutPage.feature:8&amp#27;[0m
    &amp#27;[32mGiven &amp#27;[0m&amp#27;[32mI am on the "&amp#27;[0m&amp#27;[32m&amp#27;[1mCompany home&amp#27;[0m&amp#27;[32m" page on URL "&amp#27;[0m&amp#27;[32m&amp#27;[1mhttps://www.burning-glass.com/uk&amp#27;[0m&amp#27;[32m"&amp#27;[0m &amp#27;[90m# StepDefinitions.i_am_on_the_page_on_URL(String,String)&amp#27;[0m
    &amp#27;[32mThen &amp#27;[0m&amp#27;[32mI should see "&amp#27;[0m&amp#27;[32m&amp#27;[1mBurning Glass Technologies United Kingdom&amp#27;[0m&amp#27;[32m" message&amp#27;[0m           &amp#27;[90m# StepDefinitions.i_should_see_message(String)&amp#27;[0m
Verifying for exist Schedule a Demo
From quit ChromeDriver: chrome on MAC (944641a48dff73393c5e1ddd0a35e7f8)

  Scenario: Verify Navigate to About page              &amp#27;[90m# verify_AboutPage.feature:12&amp#27;[0m
    &amp#27;[32mWhen &amp#27;[0m&amp#27;[32mI navigate to "&amp#27;[0m&amp#27;[32m&amp#27;[1mAbout&amp#27;[0m&amp#27;[32m" page from top menu bar&amp#27;[0m  &amp#27;[90m# StepDefinitions.i_navigate_to_page_from_top_menu_bar(String)&amp#27;[0m
    &amp#27;[32mThen &amp#27;[0m&amp#27;[32mI should see "&amp#27;[0m&amp#27;[32m&amp#27;[1mAbout Us&amp#27;[0m&amp#27;[32m" message&amp#27;[0m               &amp#27;[90m# StepDefinitions.i_should_see_message(String)&amp#27;[0m
    &amp#27;[31mAnd &amp#27;[0m&amp#27;[31mbelow sections would be listed in "&amp#27;[0m&amp#27;[31m&amp#27;[1mAbout&amp#27;[0m&amp#27;[31m" page&amp#27;[0m &amp#27;[90m# StepDefinitions.below_sections_would_be_listed_in_page(String,DataTable)&amp#27;[0m
      &amp#27;[31morg.openqa.selenium.TimeoutException: Expected condition failed: waiting for presence of element located by: By.xpath: //h2[text()='Schedule a Demo'] (tried for 3 second(s) with 500 milliseconds interval)
      	at org.openqa.selenium.support.ui.WebDriverWait.timeoutException(WebDriverWait.java:95)
      	at org.openqa.selenium.support.ui.FluentWait.until(FluentWait.java:272)
      	at pages.AboutPage.verifySectionsAvailable(AboutPage.java:53)
      	at stepdefs.StepDefinitions.below_sections_would_be_listed_in_page(StepDefinitions.java:82)
      	at ✽.And below sections would be listed in "About" page(verify_AboutPage.feature:15)
      Caused by: org.openqa.selenium.NoSuchElementException: no such element: Unable to locate element: {"method":"xpath","selector":"//h2[text()='Schedule a Demo']"}
        (Session info: chrome=89.0.4389.90)
      For documentation on this error, please visit: https://www.seleniumhq.org/exceptions/no_such_element.html
      Build info: version: '3.141.59', revision: 'e82be7d358', time: '2018-11-14T08:17:03'
      System info: host: 'Pramods-MBP.broadband', ip: 'fd52:a81c:df85:1:1d13:cecf:1839:e75a%en0', os.name: 'Mac OS X', os.arch: 'x86_64', os.version: '10.15.4', java.version: '1.8.0_241'
      Driver info: org.openqa.selenium.chrome.ChromeDriver
      Capabilities {acceptInsecureCerts: false, browserName: chrome, browserVersion: 89.0.4389.90, chrome: {chromedriverVersion: 89.0.4389.23 (61b08ee2c5002..., userDataDir: /var/folders/9s/n5wnzqgj03z...}, goog:chromeOptions: {debuggerAddress: localhost:51453}, javascriptEnabled: true, networkConnectionEnabled: false, pageLoadStrategy: normal, platform: MAC, platformName: MAC, proxy: Proxy(), setWindowRect: true, strictFileInteractability: false, timeouts: {implicit: 0, pageLoad: 300000, script: 30000}, unhandledPromptBehavior: dismiss and notify, webauthn:extension:largeBlob: true, webauthn:virtualAuthenticators: true}
      Session ID: 944641a48dff73393c5e1ddd0a35e7f8
      *** Element info: {Using=xpath, value=//h2[text()='Schedule a Demo']}
      	at sun.reflect.NativeConstructorAccessorImpl.newInstance0(Native Method)
      	at sun.reflect.NativeConstructorAccessorImpl.newInstance(NativeConstructorAccessorImpl.java:62)
      	at sun.reflect.DelegatingConstructorAccessorImpl.newInstance(DelegatingConstructorAccessorImpl.java:45)
      	at java.lang.reflect.Constructor.newInstance(Constructor.java:423)
      	at org.openqa.selenium.remote.http.W3CHttpResponseCodec.createException(W3CHttpResponseCodec.java:187)
      	at org.openqa.selenium.remote.http.W3CHttpResponseCodec.decode(W3CHttpResponseCodec.java:122)
      	at org.openqa.selenium.remote.http.W3CHttpResponseCodec.decode(W3CHttpResponseCodec.java:49)
      	at org.openqa.selenium.remote.HttpCommandExecutor.execute(HttpCommandExecutor.java:158)
      	at org.openqa.selenium.remote.service.DriverCommandExecutor.execute(DriverCommandExecutor.java:83)
      	at org.openqa.selenium.remote.RemoteWebDriver.execute(RemoteWebDriver.java:552)
      	at org.openqa.selenium.remote.RemoteWebDriver.findElement(RemoteWebDriver.java:323)
      	at org.openqa.selenium.remote.RemoteWebDriver.findElementByXPath(RemoteWebDriver.java:428)
      	at org.openqa.selenium.By$ByXPath.findElement(By.java:353)
      	at org.openqa.selenium.remote.RemoteWebDriver.findElement(RemoteWebDriver.java:315)
      	at org.openqa.selenium.support.ui.ExpectedConditions$6.apply(ExpectedConditions.java:182)
      	at org.openqa.selenium.support.ui.ExpectedConditions$6.apply(ExpectedConditions.java:179)
      	at org.openqa.selenium.support.ui.FluentWait.until(FluentWait.java:249)
      	at pages.AboutPage.verifySectionsAvailable(AboutPage.java:53)
      	at stepdefs.StepDefinitions.below_sections_would_be_listed_in_page(StepDefinitions.java:82)
      	at sun.reflect.NativeMethodAccessorImpl.invoke0(Native Method)
      	at sun.reflect.NativeMethodAccessorImpl.invoke(NativeMethodAccessorImpl.java:62)
      	at sun.reflect.DelegatingMethodAccessorImpl.invoke(DelegatingMethodAccessorImpl.java:43)
      	at java.lang.reflect.Method.invoke(Method.java:498)
      	at cucumber.runtime.Utils$1.call(Utils.java:40)
      	at cucumber.runtime.Timeout.timeout(Timeout.java:16)
      	at cucumber.runtime.Utils.invoke(Utils.java:34)
      	at cucumber.runtime.java.JavaStepDefinition.execute(JavaStepDefinition.java:38)
      	at cucumber.runtime.StepDefinitionMatch.runStep(StepDefinitionMatch.java:37)
      	at cucumber.runtime.Runtime.runStep(Runtime.java:300)
      	at cucumber.runtime.model.StepContainer.runStep(StepContainer.java:44)
      	at cucumber.runtime.model.StepContainer.runSteps(StepContainer.java:39)
      	at cucumber.runtime.model.CucumberScenario.run(CucumberScenario.java:44)
      	at cucumber.runtime.model.CucumberFeature.run(CucumberFeature.java:165)
      	at cucumber.api.testng.TestNGCucumberRunner.runCucumber(TestNGCucumberRunner.java:63)
      	at TestRunner.feature(TestRunner.java:29)
      	at sun.reflect.NativeMethodAccessorImpl.invoke0(Native Method)
      	at sun.reflect.NativeMethodAccessorImpl.invoke(NativeMethodAccessorImpl.java:62)
      	at sun.reflect.DelegatingMethodAccessorImpl.invoke(DelegatingMethodAccessorImpl.java:43)
      	at java.lang.reflect.Method.invoke(Method.java:498)
      	at org.testng.internal.MethodInvocationHelper.invokeMethod(MethodInvocationHelper.java:85)
      	at org.testng.internal.Invoker.invokeMethod(Invoker.java:639)
      	at org.testng.internal.Invoker.invokeTestMethod(Invoker.java:816)
      	at org.testng.internal.Invoker.invokeTestMethods(Invoker.java:1124)
      	at org.testng.internal.TestMethodWorker.invokeTestMethods(TestMethodWorker.java:125)
      	at org.testng.internal.TestMethodWorker.run(TestMethodWorker.java:108)
      	at org.testng.TestRunner.privateRun(TestRunner.java:774)
      	at org.testng.TestRunner.run(TestRunner.java:624)
      	at org.testng.SuiteRunner.runTest(SuiteRunner.java:359)
      	at org.testng.SuiteRunner.access$000(SuiteRunner.java:39)
      	at org.testng.SuiteRunner$SuiteWorker.run(SuiteRunner.java:393)
      	at org.testng.internal.thread.ThreadUtil$2.call(ThreadUtil.java:64)
      	at java.util.concurrent.FutureTask.run(FutureTask.java:266)
      	at java.util.concurrent.ThreadPoolExecutor.runWorker(ThreadPoolExecutor.java:1149)
      	at java.util.concurrent.ThreadPoolExecutor$Worker.run(ThreadPoolExecutor.java:624)
      	at java.lang.Thread.run(Thread.java:748)
      &amp#27;[0m
]]></system-out>
    <system-err><![CDATA[SLF4J: Failed to load class "org.slf4j.impl.StaticLoggerBinder".
SLF4J: Defaulting to no-operation (NOP) logger implementation
SLF4J: See http://www.slf4j.org/codes.html#StaticLoggerBinder for further details.
Starting ChromeDriver 89.0.4389.23 (61b08ee2c50024bab004e48d2b1b083cdbdac579-refs/branch-heads/4389@{#294}) on port 24258
Only local connections are allowed.
Please see https://chromedriver.chromium.org/security-considerations for suggestions on keeping ChromeDriver safe.
[1618183714.584][WARNING]: FromSockAddr failed on netmask
ChromeDriver was started successfully.
Apr 12, 2021 12:28:36 AM org.openqa.selenium.remote.ProtocolHandshake createSession
INFO: Detected dialect: W3C
org.openqa.selenium.NoSuchElementException: no such element: Unable to locate element: {"method":"xpath","selector":"//h1[@class='et_pb_module_header']"}
  (Session info: chrome=89.0.4389.90)
For documentation on this error, please visit: https://www.seleniumhq.org/exceptions/no_such_element.html
Build info: version: '3.141.59', revision: 'e82be7d358', time: '2018-11-14T08:17:03'
System info: host: 'Pramods-MBP.broadband', ip: 'fd52:a81c:df85:1:1d13:cecf:1839:e75a%en0', os.name: 'Mac OS X', os.arch: 'x86_64', os.version: '10.15.4', java.version: '1.8.0_241'
Driver info: org.openqa.selenium.chrome.ChromeDriver
Capabilities {acceptInsecureCerts: false, browserName: chrome, browserVersion: 89.0.4389.90, chrome: {chromedriverVersion: 89.0.4389.23 (61b08ee2c5002..., userDataDir: /var/folders/9s/n5wnzqgj03z...}, goog:chromeOptions: {debuggerAddress: localhost:51453}, javascriptEnabled: true, networkConnectionEnabled: false, pageLoadStrategy: normal, platform: MAC, platformName: MAC, proxy: Proxy(), setWindowRect: true, strictFileInteractability: false, timeouts: {implicit: 0, pageLoad: 300000, script: 30000}, unhandledPromptBehavior: dismiss and notify, webauthn:extension:largeBlob: true, webauthn:virtualAuthenticators: true}
Session ID: 944641a48dff73393c5e1ddd0a35e7f8
*** Element info: {Using=xpath, value=//h1[@class='et_pb_module_header']}
	at sun.reflect.NativeConstructorAccessorImpl.newInstance0(Native Method)
	at sun.reflect.NativeConstructorAccessorImpl.newInstance(NativeConstructorAccessorImpl.java:62)
	at sun.reflect.DelegatingConstructorAccessorImpl.newInstance(DelegatingConstructorAccessorImpl.java:45)
	at java.lang.reflect.Constructor.newInstance(Constructor.java:423)
	at org.openqa.selenium.remote.http.W3CHttpResponseCodec.createException(W3CHttpResponseCodec.java:187)
	at org.openqa.selenium.remote.http.W3CHttpResponseCodec.decode(W3CHttpResponseCodec.java:122)
	at org.openqa.selenium.remote.http.W3CHttpResponseCodec.decode(W3CHttpResponseCodec.java:49)
	at org.openqa.selenium.remote.HttpCommandExecutor.execute(HttpCommandExecutor.java:158)
	at org.openqa.selenium.remote.service.DriverCommandExecutor.execute(DriverCommandExecutor.java:83)
	at org.openqa.selenium.remote.RemoteWebDriver.execute(RemoteWebDriver.java:552)
	at org.openqa.selenium.remote.RemoteWebDriver.findElement(RemoteWebDriver.java:323)
	at org.openqa.selenium.remote.RemoteWebDriver.findElementByXPath(RemoteWebDriver.java:428)
	at org.openqa.selenium.By$ByXPath.findElement(By.java:353)
	at org.openqa.selenium.remote.RemoteWebDriver.findElement(RemoteWebDriver.java:315)
	at stepdefs.StepDefinitions.i_should_see_message(StepDefinitions.java:39)
	at sun.reflect.NativeMethodAccessorImpl.invoke0(Native Method)
	at sun.reflect.NativeMethodAccessorImpl.invoke(NativeMethodAccessorImpl.java:62)
	at sun.reflect.DelegatingMethodAccessorImpl.invoke(DelegatingMethodAccessorImpl.java:43)
	at java.lang.reflect.Method.invoke(Method.java:498)
	at cucumber.runtime.Utils$1.call(Utils.java:40)
	at cucumber.runtime.Timeout.timeout(Timeout.java:16)
	at cucumber.runtime.Utils.invoke(Utils.java:34)
	at cucumber.runtime.java.JavaStepDefinition.execute(JavaStepDefinition.java:38)
	at cucumber.runtime.StepDefinitionMatch.runStep(StepDefinitionMatch.java:37)
	at cucumber.runtime.Runtime.runStep(Runtime.java:300)
	at cucumber.runtime.model.StepContainer.runStep(StepContainer.java:44)
	at cucumber.runtime.model.StepContainer.runSteps(StepContainer.java:39)
	at cucumber.runtime.model.CucumberScenario.run(CucumberScenario.java:44)
	at cucumber.runtime.model.CucumberFeature.run(CucumberFeature.java:165)
	at cucumber.api.testng.TestNGCucumberRunner.runCucumber(TestNGCucumberRunner.java:63)
	at TestRunner.feature(TestRunner.java:29)
	at sun.reflect.NativeMethodAccessorImpl.invoke0(Native Method)
	at sun.reflect.NativeMethodAccessorImpl.invoke(NativeMethodAccessorImpl.java:62)
	at sun.reflect.DelegatingMethodAccessorImpl.invoke(DelegatingMethodAccessorImpl.java:43)
	at java.lang.reflect.Method.invoke(Method.java:498)
	at org.testng.internal.MethodInvocationHelper.invokeMethod(MethodInvocationHelper.java:85)
	at org.testng.internal.Invoker.invokeMethod(Invoker.java:639)
	at org.testng.internal.Invoker.invokeTestMethod(Invoker.java:816)
	at org.testng.internal.Invoker.invokeTestMethods(Invoker.java:1124)
	at org.testng.internal.TestMethodWorker.invokeTestMethods(TestMethodWorker.java:125)
	at org.testng.internal.TestMethodWorker.run(TestMethodWorker.java:108)
	at org.testng.TestRunner.privateRun(TestRunner.java:774)
	at org.testng.TestRunner.run(TestRunner.java:624)
	at org.testng.SuiteRunner.runTest(SuiteRunner.java:359)
	at org.testng.SuiteRunner.access$000(SuiteRunner.java:39)
	at org.testng.SuiteRunner$SuiteWorker.run(SuiteRunner.java:393)
	at org.testng.internal.thread.ThreadUtil$2.call(ThreadUtil.java:64)
	at java.util.concurrent.FutureTask.run(FutureTask.java:266)
	at java.util.concurrent.ThreadPoolExecutor.runWorker(ThreadPoolExecutor.java:1149)
	at java.util.concurrent.ThreadPoolExecutor$Worker.run(ThreadPoolExecutor.java:624)
	at java.lang.Thread.run(Thread.java:748)
]]></system-err>
  </testcase>
  <testcase name="feature" classname="TestRunner" time="17.911"/>
  <testcase name="feature" classname="TestRunner" time="17.531"/>
</testsuite>